Start testing: Oct 10 18:04 JST
----------------------------------------------------------
1/5 Testing: test_1
1/5 Test: test_1
Command: "/home/pmpm-deb/AriunaPMPM/cmake_learn/build/hello_cmake" "1"
Directory: /home/pmpm-deb/AriunaPMPM/cmake_learn/build
"test_1" start time: Oct 10 18:04 JST
Output:
----------------------------------------------------------
Received -1 as an argument. Terminated.
<end of output>
Test time =   0.00 sec
----------------------------------------------------------
Test Failed.
"test_1" end time: Oct 10 18:04 JST
"test_1" time elapsed: 00:00:00
----------------------------------------------------------

2/5 Testing: test_noArg
2/5 Test: test_noArg
Command: "/home/pmpm-deb/AriunaPMPM/cmake_learn/build/hello_cmake"
Directory: /home/pmpm-deb/AriunaPMPM/cmake_learn/build
"test_noArg" start time: Oct 10 18:04 JST
Output:
----------------------------------------------------------
Received 
<end of output>
Test time =  10.36 sec
----------------------------------------------------------
Test Passed.
"test_noArg" end time: Oct 10 18:05 JST
"test_noArg" time elapsed: 00:00:10
----------------------------------------------------------

3/5 Testing: test_2
3/5 Test: test_2
Command: "/home/pmpm-deb/AriunaPMPM/cmake_learn/build/hello_cmake" "2"
Directory: /home/pmpm-deb/AriunaPMPM/cmake_learn/build
"test_2" start time: Oct 10 18:05 JST
Output:
----------------------------------------------------------
<end of output>
Test time =   2.01 sec
----------------------------------------------------------
Test Failed.
"test_2" end time: Oct 10 18:05 JST
"test_2" time elapsed: 00:00:02
----------------------------------------------------------

4/5 Testing: test_a
4/5 Test: test_a
Command: "/home/pmpm-deb/AriunaPMPM/cmake_learn/build/hello_cmake" "a"
Directory: /home/pmpm-deb/AriunaPMPM/cmake_learn/build
"test_a" start time: Oct 10 18:05 JST
Output:
----------------------------------------------------------
Received aas an argument.
Hello! count: 0
Hello! count: 1
Hello! count: 2
Hello! count: 3
Hello! count: 4
Hello! count: 5
Hello! count: 6
Hello! count: 7
Hello! count: 8
Hello! count: 9
<end of output>
Test time =  10.29 sec
----------------------------------------------------------
Test Passed.
"test_a" end time: Oct 10 18:05 JST
"test_a" time elapsed: 00:00:10
----------------------------------------------------------

5/5 Testing: test_neg
5/5 Test: test_neg
Command: "/home/pmpm-deb/AriunaPMPM/cmake_learn/build/hello_cmake" "-1"
Directory: /home/pmpm-deb/AriunaPMPM/cmake_learn/build
"test_neg" start time: Oct 10 18:05 JST
Output:
----------------------------------------------------------
Received -1as an argument.
Hello! count: 0
Hello! count: 1
Hello! count: 2
Hello! count: 3
Hello! count: 4
Hello! count: 5
Hello! count: 6
Hello! count: 7
Hello! count: 8
Hello! count: 9
<end of output>
Test time =  10.12 sec
----------------------------------------------------------
Test Passed.
"test_neg" end time: Oct 10 18:05 JST
"test_neg" time elapsed: 00:00:10
----------------------------------------------------------

End testing: Oct 10 18:05 JST
